[debug] [2024-08-07T11:11:43.398Z] ----------------------------------------------------------------------
[debug] [2024-08-07T11:11:43.404Z] Command:       /usr/local/bin/node /usr/local/bin/firebase emulators:start --only functions
[debug] [2024-08-07T11:11:43.406Z] CLI Version:   13.15.0
[debug] [2024-08-07T11:11:43.411Z] Platform:      linux
[debug] [2024-08-07T11:11:43.411Z] Node Version:  v20.12.2
[debug] [2024-08-07T11:11:43.412Z] Time:          Wed Aug 07 2024 12:11:43 GMT+0100 (West Africa Standard Time)
[debug] [2024-08-07T11:11:43.412Z] ----------------------------------------------------------------------
[debug] 
[debug] [2024-08-07T11:11:43.695Z] > command requires scopes: ["email","openid","https://www.googleapis.com/auth/cloudplatformprojects.readonly","https://www.googleapis.com/auth/firebase","https://www.googleapis.com/auth/cloud-platform"]
[debug] [2024-08-07T11:11:43.696Z] > authorizing via signed-in user (churchillrimamskep@gmail.com)
[info] i  emulators: Starting emulators: functions {"metadata":{"emulator":{"name":"hub"},"message":"Starting emulators: functions"}}
[debug] [2024-08-07T11:11:43.707Z] [logging] Logging Emulator only supports listening on one address (127.0.0.1). Not listening on ::1
[debug] [2024-08-07T11:11:43.707Z] assigned listening specs for emulators {"user":{"hub":[{"address":"127.0.0.1","family":"IPv4","port":4400},{"address":"::1","family":"IPv6","port":4400}],"ui":[{"address":"127.0.0.1","family":"IPv4","port":4000},{"address":"::1","family":"IPv6","port":4000}],"logging":[{"address":"127.0.0.1","family":"IPv4","port":4500}]},"metadata":{"message":"assigned listening specs for emulators"}}
[debug] [2024-08-07T11:11:43.714Z] [hub] writing locator at /tmp/hub-chatspace-caee5.json
[debug] [2024-08-07T11:11:43.747Z] [functions] Functions Emulator only supports listening on one address (127.0.0.1). Not listening on ::1
[debug] [2024-08-07T11:11:43.747Z] [eventarc] Eventarc Emulator only supports listening on one address (127.0.0.1). Not listening on ::1
[debug] [2024-08-07T11:11:43.748Z] late-assigned ports for functions and eventarc emulators {"user":{"hub":[{"address":"127.0.0.1","family":"IPv4","port":4400},{"address":"::1","family":"IPv6","port":4400}],"ui":[{"address":"127.0.0.1","family":"IPv4","port":4000},{"address":"::1","family":"IPv6","port":4000}],"logging":[{"address":"127.0.0.1","family":"IPv4","port":4500}],"functions":[{"address":"127.0.0.1","family":"IPv4","port":5001}],"eventarc":[{"address":"127.0.0.1","family":"IPv4","port":9299}]},"metadata":{"message":"late-assigned ports for functions and eventarc emulators"}}
[warn] ⚠  functions: The following emulators are not running, calls to these services from the Functions emulator will affect production: auth, firestore, database, hosting, pubsub, storage, dataconnect {"metadata":{"emulator":{"name":"functions"},"message":"The following emulators are not running, calls to these services from the Functions emulator will affect production: \u001b[1mauth, firestore, database, hosting, pubsub, storage, dataconnect\u001b[22m"}}
[debug] [2024-08-07T11:11:43.763Z] defaultcredentials: writing to file /home/churchill/.config/firebase/churchillrimamskep_gmail_com_application_default_credentials.json
[debug] [2024-08-07T11:11:43.773Z] Setting GAC to /home/churchill/.config/firebase/churchillrimamskep_gmail_com_application_default_credentials.json {"metadata":{"emulator":{"name":"functions"},"message":"Setting GAC to /home/churchill/.config/firebase/churchillrimamskep_gmail_com_application_default_credentials.json"}}
[debug] [2024-08-07T11:11:43.778Z] >>> [apiv2][query] GET https://firebase.googleapis.com/v1beta1/projects/chatspace-caee5/adminSdkConfig [none]
[debug] [2024-08-07T11:11:45.632Z] <<< [apiv2][status] GET https://firebase.googleapis.com/v1beta1/projects/chatspace-caee5/adminSdkConfig 200
[debug] [2024-08-07T11:11:45.634Z] <<< [apiv2][body] GET https://firebase.googleapis.com/v1beta1/projects/chatspace-caee5/adminSdkConfig {"projectId":"chatspace-caee5","storageBucket":"chatspace-caee5.appspot.com"}
[debug] [2024-08-07T11:11:45.787Z] Ignoring unsupported arg: auto_download {"metadata":{"emulator":{"name":"ui"},"message":"Ignoring unsupported arg: auto_download"}}
[debug] [2024-08-07T11:11:45.787Z] Ignoring unsupported arg: port {"metadata":{"emulator":{"name":"ui"},"message":"Ignoring unsupported arg: port"}}
[debug] [2024-08-07T11:11:45.787Z] Starting Emulator UI with command {"binary":"node","args":["/home/churchill/.cache/firebase/emulators/ui-v1.13.0/server/server.mjs"],"optionalArgs":[],"joinArgs":false,"shell":false} {"metadata":{"emulator":{"name":"ui"},"message":"Starting Emulator UI with command {\"binary\":\"node\",\"args\":[\"/home/churchill/.cache/firebase/emulators/ui-v1.13.0/server/server.mjs\"],\"optionalArgs\":[],\"joinArgs\":false,\"shell\":false}"}}
[info] i  ui: Emulator UI logging to ui-debug.log {"metadata":{"emulator":{"name":"ui"},"message":"Emulator UI logging to \u001b[1mui-debug.log\u001b[22m"}}
[debug] [2024-08-07T11:11:46.087Z] Web / API server started at 127.0.0.1:4000
 {"metadata":{"emulator":{"name":"ui"},"message":"Web / API server started at 127.0.0.1:4000\n"}}
[debug] [2024-08-07T11:11:46.087Z] Web / API server started at ::1:4000
 {"metadata":{"emulator":{"name":"ui"},"message":"Web / API server started at ::1:4000\n"}}
[info] i  functions: Watching "/home/churchill/code/ChatSpace-backend/functions" for Cloud Functions... {"metadata":{"emulator":{"name":"functions"},"message":"Watching \"/home/churchill/code/ChatSpace-backend/functions\" for Cloud Functions..."}}
[debug] [2024-08-07T11:11:46.226Z] Validating nodejs source
[debug] [2024-08-07T11:11:48.429Z] > [functions] package.json contents: {
  "name": "functions",
  "description": "Cloud Functions for Firebase",
  "scripts": {
    "serve": "firebase emulators:start --only functions",
    "shell": "firebase functions:shell",
    "start": "npm run shell",
    "dev": "nodemon index.js",
    "deploy": "firebase deploy --only functions",
    "logs": "firebase functions:log"
  },
  "engines": {
    "node": "20"
  },
  "main": "index.js",
  "dependencies": {
    "bcryptjs": "^2.4.3",
    "cookie-parser": "^1.4.6",
    "cors": "^2.8.5",
    "dotenv": "^16.4.5",
    "express": "^4.19.2",
    "firebase-admin": "^12.1.0",
    "firebase-functions": "^5.0.0",
    "jsonwebtoken": "^9.0.2",
    "mongoose": "^8.5.2",
    "nodemon": "^3.1.4",
    "socket.io": "^4.7.5"
  },
  "devDependencies": {
    "firebase-functions-test": "^3.1.0"
  },
  "private": true
}
[debug] [2024-08-07T11:11:48.430Z] Building nodejs source
[debug] [2024-08-07T11:11:48.431Z] Failed to find version of module node: reached end of search path /home/churchill/code/ChatSpace-backend/functions/node_modules
[info] ✔  functions: Using node@20 from host. 
[info] i  functions: Loaded environment variables from .env. 
[debug] [2024-08-07T11:11:48.438Z] Could not find functions.yaml. Must use http discovery
[debug] [2024-08-07T11:11:48.445Z] Found firebase-functions binary at '/home/churchill/code/ChatSpace-backend/functions/node_modules/.bin/firebase-functions'
[info] Serving at port 8666

[debug] [2024-08-07T11:11:50.055Z] Got response from /__/functions.yaml {"endpoints":{"api":{"platform":"gcfv1","availableMemoryMb":null,"timeoutSeconds":null,"minInstances":null,"maxInstances":null,"ingressSettings":null,"serviceAccountEmail":null,"vpc":null,"httpsTrigger":{},"entryPoint":"api"}},"specVersion":"v1alpha1","requiredAPIs":[]}
[info] Connected to the database

[info] Server started on port 8666

[info] ✔  functions: Loaded functions definitions from source: api. {"metadata":{"emulator":{"name":"functions"},"message":"Loaded functions definitions from source: api."}}
[info] ✔  functions[us-central1-api]: http function initialized (http://127.0.0.1:5001/chatspace-caee5/us-central1/api). {"metadata":{"emulator":{"name":"functions"},"message":"\u001b[1mhttp\u001b[22m function initialized (http://127.0.0.1:5001/chatspace-caee5/us-central1/api)."}}
[info] 
┌─────────────────────────────────────────────────────────────┐
│ ✔  All emulators ready! It is now safe to connect your app. │
│ i  View Emulator UI at http://127.0.0.1:4000/               │
└─────────────────────────────────────────────────────────────┘

┌───────────┬────────────────┬─────────────────────────────────┐
│ Emulator  │ Host:Port      │ View in Emulator UI             │
├───────────┼────────────────┼─────────────────────────────────┤
│ Functions │ 127.0.0.1:5001 │ http://127.0.0.1:4000/functions │
└───────────┴────────────────┴─────────────────────────────────┘
  Emulator Hub running at 127.0.0.1:4400
  Other reserved ports: 4500

Issues? Report them at https://github.com/firebase/firebase-tools/issues and attach the *-debug.log files.
 
[debug] [2024-08-07T11:12:25.709Z] [work-queue] {"queuedWork":["/chatspace-caee5/us-central1/api-2024-08-07T11:12:25.709Z"],"queueLength":1,"runningWork":[],"workRunningCount":0}
[debug] [2024-08-07T11:12:25.711Z] [work-queue] {"queuedWork":[],"queueLength":0,"runningWork":["/chatspace-caee5/us-central1/api-2024-08-07T11:12:25.709Z"],"workRunningCount":1}
[debug] [2024-08-07T11:12:25.712Z] Accepted request GET /chatspace-caee5/us-central1/api --> us-central1-api
[debug] [2024-08-07T11:12:25.720Z] [functions] Runtime ready! Sending request! {"metadata":{"emulator":{"name":"functions"},"message":"[functions] Runtime ready! Sending request!"}}
[debug] [2024-08-07T11:12:25.721Z] [functions] Got req.url=/chatspace-caee5/us-central1/api, mapping to path=/ {"metadata":{"emulator":{"name":"functions"},"message":"[functions] Got req.url=/chatspace-caee5/us-central1/api, mapping to path=/"}}
[info] i  functions: Loaded environment variables from .env. 
[debug] [2024-08-07T11:12:25.744Z] [worker-pool] addWorker(us-central1-api) {"metadata":{"emulator":{"name":"functions"},"message":"[worker-pool] addWorker(us-central1-api)"}}
[debug] [2024-08-07T11:12:25.747Z] [worker-pool] Adding worker with key us-central1-api, total=1 {"metadata":{"emulator":{"name":"functions"},"message":"[worker-pool] Adding worker with key us-central1-api, total=1"}}
[debug] [2024-08-07T11:12:27.925Z] [runtime-status] [11092] Resolved module firebase-admin {"declared":true,"installed":true,"version":"12.3.0","resolution":"/home/churchill/code/ChatSpace-backend/functions/node_modules/firebase-admin/lib/index.js"} {"metadata":{"emulator":{"name":"functions"},"function":{"name":"us-central1-api"},"extension":{},"message":"[runtime-status] [11092] Resolved module firebase-admin {\"declared\":true,\"installed\":true,\"version\":\"12.3.0\",\"resolution\":\"/home/churchill/code/ChatSpace-backend/functions/node_modules/firebase-admin/lib/index.js\"}"}}
[debug] [2024-08-07T11:12:27.927Z] [runtime-status] [11092] Resolved module firebase-functions {"declared":true,"installed":true,"version":"5.0.1","resolution":"/home/churchill/code/ChatSpace-backend/functions/node_modules/firebase-functions/lib/v1/index.js"} {"metadata":{"emulator":{"name":"functions"},"function":{"name":"us-central1-api"},"extension":{},"message":"[runtime-status] [11092] Resolved module firebase-functions {\"declared\":true,\"installed\":true,\"version\":\"5.0.1\",\"resolution\":\"/home/churchill/code/ChatSpace-backend/functions/node_modules/firebase-functions/lib/v1/index.js\"}"}}
[debug] [2024-08-07T11:12:27.928Z] [runtime-status] [11092] Outgoing network have been stubbed. [{"name":"http","status":"mocked"},{"name":"http","status":"mocked"},{"name":"https","status":"mocked"},{"name":"https","status":"mocked"},{"name":"net","status":"mocked"}] {"metadata":{"emulator":{"name":"functions"},"function":{"name":"us-central1-api"},"extension":{},"message":"[runtime-status] [11092] Outgoing network have been stubbed. [{\"name\":\"http\",\"status\":\"mocked\"},{\"name\":\"http\",\"status\":\"mocked\"},{\"name\":\"https\",\"status\":\"mocked\"},{\"name\":\"https\",\"status\":\"mocked\"},{\"name\":\"net\",\"status\":\"mocked\"}]"}}
[debug] [2024-08-07T11:12:27.929Z] [runtime-status] [11092] Resolved module firebase-functions {"declared":true,"installed":true,"version":"5.0.1","resolution":"/home/churchill/code/ChatSpace-backend/functions/node_modules/firebase-functions/lib/v1/index.js"} {"metadata":{"emulator":{"name":"functions"},"function":{"name":"us-central1-api"},"extension":{},"message":"[runtime-status] [11092] Resolved module firebase-functions {\"declared\":true,\"installed\":true,\"version\":\"5.0.1\",\"resolution\":\"/home/churchill/code/ChatSpace-backend/functions/node_modules/firebase-functions/lib/v1/index.js\"}"}}
[debug] [2024-08-07T11:12:28.277Z] [runtime-status] [11092] Checked functions.config() {"config":{}} {"metadata":{"emulator":{"name":"functions"},"function":{"name":"us-central1-api"},"extension":{},"message":"[runtime-status] [11092] Checked functions.config() {\"config\":{}}"}}
[debug] [2024-08-07T11:12:28.277Z] [runtime-status] [11092] firebase-functions has been stubbed. {"functionsResolution":{"declared":true,"installed":true,"version":"5.0.1","resolution":"/home/churchill/code/ChatSpace-backend/functions/node_modules/firebase-functions/lib/v1/index.js"}} {"metadata":{"emulator":{"name":"functions"},"function":{"name":"us-central1-api"},"extension":{},"message":"[runtime-status] [11092] firebase-functions has been stubbed. {\"functionsResolution\":{\"declared\":true,\"installed\":true,\"version\":\"5.0.1\",\"resolution\":\"/home/churchill/code/ChatSpace-backend/functions/node_modules/firebase-functions/lib/v1/index.js\"}}"}}
[debug] [2024-08-07T11:12:28.278Z] [runtime-status] [11092] Resolved module firebase-functions {"declared":true,"installed":true,"version":"5.0.1","resolution":"/home/churchill/code/ChatSpace-backend/functions/node_modules/firebase-functions/lib/v1/index.js"} {"metadata":{"emulator":{"name":"functions"},"function":{"name":"us-central1-api"},"extension":{},"message":"[runtime-status] [11092] Resolved module firebase-functions {\"declared\":true,\"installed\":true,\"version\":\"5.0.1\",\"resolution\":\"/home/churchill/code/ChatSpace-backend/functions/node_modules/firebase-functions/lib/v1/index.js\"}"}}
[debug] [2024-08-07T11:12:28.279Z] [runtime-status] [11092] Resolved module firebase-admin {"declared":true,"installed":true,"version":"12.3.0","resolution":"/home/churchill/code/ChatSpace-backend/functions/node_modules/firebase-admin/lib/index.js"} {"metadata":{"emulator":{"name":"functions"},"function":{"name":"us-central1-api"},"extension":{},"message":"[runtime-status] [11092] Resolved module firebase-admin {\"declared\":true,\"installed\":true,\"version\":\"12.3.0\",\"resolution\":\"/home/churchill/code/ChatSpace-backend/functions/node_modules/firebase-admin/lib/index.js\"}"}}
[debug] [2024-08-07T11:12:28.287Z] [runtime-status] [11092] Resolved module firebase-functions {"declared":true,"installed":true,"version":"5.0.1","resolution":"/home/churchill/code/ChatSpace-backend/functions/node_modules/firebase-functions/lib/v1/index.js"} {"metadata":{"emulator":{"name":"functions"},"function":{"name":"us-central1-api"},"extension":{},"message":"[runtime-status] [11092] Resolved module firebase-functions {\"declared\":true,\"installed\":true,\"version\":\"5.0.1\",\"resolution\":\"/home/churchill/code/ChatSpace-backend/functions/node_modules/firebase-functions/lib/v1/index.js\"}"}}
[debug] [2024-08-07T11:12:28.287Z] [runtime-status] [11092] firebase-admin has been stubbed. {"adminResolution":{"declared":true,"installed":true,"version":"12.3.0","resolution":"/home/churchill/code/ChatSpace-backend/functions/node_modules/firebase-admin/lib/index.js"}} {"metadata":{"emulator":{"name":"functions"},"function":{"name":"us-central1-api"},"extension":{},"message":"[runtime-status] [11092] firebase-admin has been stubbed. {\"adminResolution\":{\"declared\":true,\"installed\":true,\"version\":\"12.3.0\",\"resolution\":\"/home/churchill/code/ChatSpace-backend/functions/node_modules/firebase-admin/lib/index.js\"}}"}}
[debug] [2024-08-07T11:12:28.980Z] [runtime-status] [11092] Functions runtime initialized. {"cwd":"/home/churchill/code/ChatSpace-backend/functions","node_version":"20.12.2"} {"metadata":{"emulator":{"name":"functions"},"function":{"name":"us-central1-api"},"extension":{},"message":"[runtime-status] [11092] Functions runtime initialized. {\"cwd\":\"/home/churchill/code/ChatSpace-backend/functions\",\"node_version\":\"20.12.2\"}"}}
[debug] [2024-08-07T11:12:28.983Z] [runtime-status] [11092] Listening to port: /tmp/fire_emu_d91761fc7afa1c94.sock {"metadata":{"emulator":{"name":"functions"},"function":{"name":"us-central1-api"},"extension":{},"message":"[runtime-status] [11092] Listening to port: /tmp/fire_emu_d91761fc7afa1c94.sock"}}
[debug] [2024-08-07T11:12:29.129Z] [worker-us-central1-api-adc0d05f-a93e-4da9-8470-309a6e02af91]: IDLE {"metadata":{"emulator":{"name":"functions"},"function":{"name":"us-central1-api"},"extension":{},"message":"[worker-us-central1-api-adc0d05f-a93e-4da9-8470-309a6e02af91]: IDLE"}}
[debug] [2024-08-07T11:12:29.130Z] [worker-pool] submitRequest(triggerId=us-central1-api) {"metadata":{"emulator":{"name":"functions"},"message":"[worker-pool] submitRequest(triggerId=us-central1-api)"}}
[info] i  functions: Beginning execution of "us-central1-api" {"metadata":{"emulator":{"name":"functions"},"function":{"name":"us-central1-api"},"extension":{},"message":"Beginning execution of \"us-central1-api\""}}
[debug] [2024-08-07T11:12:29.132Z] [worker-us-central1-api-adc0d05f-a93e-4da9-8470-309a6e02af91]: BUSY {"metadata":{"emulator":{"name":"functions"},"function":{"name":"us-central1-api"},"extension":{},"message":"[worker-us-central1-api-adc0d05f-a93e-4da9-8470-309a6e02af91]: BUSY"}}
[debug] [2024-08-07T11:12:29.145Z] Finishing up request with event=pause {"metadata":{"emulator":{"name":"functions"},"function":{"name":"us-central1-api"},"extension":{},"message":"Finishing up request with event=pause"}}
[info] i  functions: Finished "us-central1-api" in 13.818693ms {"metadata":{"emulator":{"name":"functions"},"function":{"name":"us-central1-api"},"extension":{},"message":"Finished \"us-central1-api\" in 13.818693ms"}}
[debug] [2024-08-07T11:12:29.146Z] [worker-us-central1-api-adc0d05f-a93e-4da9-8470-309a6e02af91]: IDLE {"metadata":{"emulator":{"name":"functions"},"function":{"name":"us-central1-api"},"extension":{},"message":"[worker-us-central1-api-adc0d05f-a93e-4da9-8470-309a6e02af91]: IDLE"}}
[debug] [2024-08-07T11:12:29.146Z] Finishing up request with event=finish {"metadata":{"emulator":{"name":"functions"},"function":{"name":"us-central1-api"},"extension":{},"message":"Finishing up request with event=finish"}}
[debug] [2024-08-07T11:12:29.146Z] Finishing up request with event=close {"metadata":{"emulator":{"name":"functions"},"function":{"name":"us-central1-api"},"extension":{},"message":"Finishing up request with event=close"}}
[debug] [2024-08-07T11:12:29.146Z] [work-queue] {"queuedWork":[],"queueLength":0,"runningWork":[],"workRunningCount":0}
[info] >  Connection failed {"user":"Connection failed","metadata":{"emulator":{"name":"functions"},"function":{"name":"us-central1-api"},"extension":{},"message":"\u001b[90m> \u001b[39m Connection failed"}}
[debug] [2024-08-07T11:13:01.550Z] [work-queue] {"queuedWork":["/chatspace-caee5/us-central1/api/api/users-2024-08-07T11:13:01.550Z"],"queueLength":1,"runningWork":[],"workRunningCount":0}
[debug] [2024-08-07T11:13:01.550Z] [work-queue] {"queuedWork":[],"queueLength":0,"runningWork":["/chatspace-caee5/us-central1/api/api/users-2024-08-07T11:13:01.550Z"],"workRunningCount":1}
[debug] [2024-08-07T11:13:01.551Z] Accepted request GET /chatspace-caee5/us-central1/api/api/users --> us-central1-api
[debug] [2024-08-07T11:13:01.553Z] [functions] Runtime ready! Sending request! {"metadata":{"emulator":{"name":"functions"},"message":"[functions] Runtime ready! Sending request!"}}
[debug] [2024-08-07T11:13:01.554Z] [functions] Got req.url=/chatspace-caee5/us-central1/api/api/users, mapping to path=/api/users {"metadata":{"emulator":{"name":"functions"},"message":"[functions] Got req.url=/chatspace-caee5/us-central1/api/api/users, mapping to path=/api/users"}}
[debug] [2024-08-07T11:13:01.554Z] [worker-pool] submitRequest(triggerId=us-central1-api) {"metadata":{"emulator":{"name":"functions"},"message":"[worker-pool] submitRequest(triggerId=us-central1-api)"}}
[info] i  functions: Beginning execution of "us-central1-api" {"metadata":{"emulator":{"name":"functions"},"function":{"name":"us-central1-api"},"extension":{},"message":"Beginning execution of \"us-central1-api\""}}
[debug] [2024-08-07T11:13:01.555Z] [worker-us-central1-api-adc0d05f-a93e-4da9-8470-309a6e02af91]: BUSY {"metadata":{"emulator":{"name":"functions"},"function":{"name":"us-central1-api"},"extension":{},"message":"[worker-us-central1-api-adc0d05f-a93e-4da9-8470-309a6e02af91]: BUSY"}}
[info] >  TypeError: Cannot read properties of undefined (reading 'split') {"user":"TypeError: Cannot read properties of undefined (reading 'split')","metadata":{"emulator":{"name":"functions"},"function":{"name":"us-central1-api"},"extension":{},"message":"\u001b[90m> \u001b[39m TypeError: Cannot read properties of undefined (reading 'split')"}}
[info] >      at protectRoute (/home/churchill/code/ChatSpace-backend/functions/src/middleware/protectRoute.js:10:30) {"user":"    at protectRoute (/home/churchill/code/ChatSpace-backend/functions/src/middleware/protectRoute.js:10:30)","metadata":{"emulator":{"name":"functions"},"function":{"name":"us-central1-api"},"extension":{},"message":"\u001b[90m> \u001b[39m     at protectRoute (/home/churchill/code/ChatSpace-backend/functions/src/middleware/protectRoute.js:10:30)"}}
[info] >      at Layer.handle [as handle_request] (/home/churchill/code/ChatSpace-backend/functions/node_modules/express/lib/router/layer.js:95:5) {"user":"    at Layer.handle [as handle_request] (/home/churchill/code/ChatSpace-backend/functions/node_modules/express/lib/router/layer.js:95:5)","metadata":{"emulator":{"name":"functions"},"function":{"name":"us-central1-api"},"extension":{},"message":"\u001b[90m> \u001b[39m     at Layer.handle [as handle_request] (/home/churchill/code/ChatSpace-backend/functions/node_modules/express/lib/router/layer.js:95:5)"}}
[info] >      at next (/home/churchill/code/ChatSpace-backend/functions/node_modules/express/lib/router/route.js:149:13) {"user":"    at next (/home/churchill/code/ChatSpace-backend/functions/node_modules/express/lib/router/route.js:149:13)","metadata":{"emulator":{"name":"functions"},"function":{"name":"us-central1-api"},"extension":{},"message":"\u001b[90m> \u001b[39m     at next (/home/churchill/code/ChatSpace-backend/functions/node_modules/express/lib/router/route.js:149:13)"}}
[info] >      at Route.dispatch (/home/churchill/code/ChatSpace-backend/functions/node_modules/express/lib/router/route.js:119:3) {"user":"    at Route.dispatch (/home/churchill/code/ChatSpace-backend/functions/node_modules/express/lib/router/route.js:119:3)","metadata":{"emulator":{"name":"functions"},"function":{"name":"us-central1-api"},"extension":{},"message":"\u001b[90m> \u001b[39m     at Route.dispatch (/home/churchill/code/ChatSpace-backend/functions/node_modules/express/lib/router/route.js:119:3)"}}
[info] >      at Layer.handle [as handle_request] (/home/churchill/code/ChatSpace-backend/functions/node_modules/express/lib/router/layer.js:95:5) {"user":"    at Layer.handle [as handle_request] (/home/churchill/code/ChatSpace-backend/functions/node_modules/express/lib/router/layer.js:95:5)","metadata":{"emulator":{"name":"functions"},"function":{"name":"us-central1-api"},"extension":{},"message":"\u001b[90m> \u001b[39m     at Layer.handle [as handle_request] (/home/churchill/code/ChatSpace-backend/functions/node_modules/express/lib/router/layer.js:95:5)"}}
[info] >      at /home/churchill/code/ChatSpace-backend/functions/node_modules/express/lib/router/index.js:284:15 {"user":"    at /home/churchill/code/ChatSpace-backend/functions/node_modules/express/lib/router/index.js:284:15","metadata":{"emulator":{"name":"functions"},"function":{"name":"us-central1-api"},"extension":{},"message":"\u001b[90m> \u001b[39m     at /home/churchill/code/ChatSpace-backend/functions/node_modules/express/lib/router/index.js:284:15"}}
[info] >      at Function.process_params (/home/churchill/code/ChatSpace-backend/functions/node_modules/express/lib/router/index.js:346:12) {"user":"    at Function.process_params (/home/churchill/code/ChatSpace-backend/functions/node_modules/express/lib/router/index.js:346:12)","metadata":{"emulator":{"name":"functions"},"function":{"name":"us-central1-api"},"extension":{},"message":"\u001b[90m> \u001b[39m     at Function.process_params (/home/churchill/code/ChatSpace-backend/functions/node_modules/express/lib/router/index.js:346:12)"}}
[info] >      at next (/home/churchill/code/ChatSpace-backend/functions/node_modules/express/lib/router/index.js:280:10) {"user":"    at next (/home/churchill/code/ChatSpace-backend/functions/node_modules/express/lib/router/index.js:280:10)","metadata":{"emulator":{"name":"functions"},"function":{"name":"us-central1-api"},"extension":{},"message":"\u001b[90m> \u001b[39m     at next (/home/churchill/code/ChatSpace-backend/functions/node_modules/express/lib/router/index.js:280:10)"}}
[info] >      at Function.handle (/home/churchill/code/ChatSpace-backend/functions/node_modules/express/lib/router/index.js:175:3) {"user":"    at Function.handle (/home/churchill/code/ChatSpace-backend/functions/node_modules/express/lib/router/index.js:175:3)","metadata":{"emulator":{"name":"functions"},"function":{"name":"us-central1-api"},"extension":{},"message":"\u001b[90m> \u001b[39m     at Function.handle (/home/churchill/code/ChatSpace-backend/functions/node_modules/express/lib/router/index.js:175:3)"}}
[info] >      at router (/home/churchill/code/ChatSpace-backend/functions/node_modules/express/lib/router/index.js:47:12) {"user":"    at router (/home/churchill/code/ChatSpace-backend/functions/node_modules/express/lib/router/index.js:47:12)","metadata":{"emulator":{"name":"functions"},"function":{"name":"us-central1-api"},"extension":{},"message":"\u001b[90m> \u001b[39m     at router (/home/churchill/code/ChatSpace-backend/functions/node_modules/express/lib/router/index.js:47:12)"}}
[debug] [2024-08-07T11:13:01.573Z] Finishing up request with event=pause {"metadata":{"emulator":{"name":"functions"},"function":{"name":"us-central1-api"},"extension":{},"message":"Finishing up request with event=pause"}}
[info] i  functions: Finished "us-central1-api" in 18.99969ms {"metadata":{"emulator":{"name":"functions"},"function":{"name":"us-central1-api"},"extension":{},"message":"Finished \"us-central1-api\" in 18.99969ms"}}
[debug] [2024-08-07T11:13:01.574Z] [worker-us-central1-api-adc0d05f-a93e-4da9-8470-309a6e02af91]: IDLE {"metadata":{"emulator":{"name":"functions"},"function":{"name":"us-central1-api"},"extension":{},"message":"[worker-us-central1-api-adc0d05f-a93e-4da9-8470-309a6e02af91]: IDLE"}}
[debug] [2024-08-07T11:13:01.575Z] Finishing up request with event=finish {"metadata":{"emulator":{"name":"functions"},"function":{"name":"us-central1-api"},"extension":{},"message":"Finishing up request with event=finish"}}
[debug] [2024-08-07T11:13:01.575Z] Finishing up request with event=close {"metadata":{"emulator":{"name":"functions"},"function":{"name":"us-central1-api"},"extension":{},"message":"Finishing up request with event=close"}}
[debug] [2024-08-07T11:13:01.575Z] [work-queue] {"queuedWork":[],"queueLength":0,"runningWork":[],"workRunningCount":0}
[debug] [2024-08-07T11:13:16.777Z] [work-queue] {"queuedWork":["/chatspace-caee5/us-central1/api/api/users-2024-08-07T11:13:16.777Z"],"queueLength":1,"runningWork":[],"workRunningCount":0}
[debug] [2024-08-07T11:13:16.777Z] [work-queue] {"queuedWork":[],"queueLength":0,"runningWork":["/chatspace-caee5/us-central1/api/api/users-2024-08-07T11:13:16.777Z"],"workRunningCount":1}
[debug] [2024-08-07T11:13:16.778Z] Accepted request GET /chatspace-caee5/us-central1/api/api/users --> us-central1-api
[debug] [2024-08-07T11:13:16.781Z] [functions] Runtime ready! Sending request! {"metadata":{"emulator":{"name":"functions"},"message":"[functions] Runtime ready! Sending request!"}}
[debug] [2024-08-07T11:13:16.782Z] [functions] Got req.url=/chatspace-caee5/us-central1/api/api/users, mapping to path=/api/users {"metadata":{"emulator":{"name":"functions"},"message":"[functions] Got req.url=/chatspace-caee5/us-central1/api/api/users, mapping to path=/api/users"}}
[debug] [2024-08-07T11:13:16.782Z] [worker-pool] submitRequest(triggerId=us-central1-api) {"metadata":{"emulator":{"name":"functions"},"message":"[worker-pool] submitRequest(triggerId=us-central1-api)"}}
[info] i  functions: Beginning execution of "us-central1-api" {"metadata":{"emulator":{"name":"functions"},"function":{"name":"us-central1-api"},"extension":{},"message":"Beginning execution of \"us-central1-api\""}}
[debug] [2024-08-07T11:13:16.783Z] [worker-us-central1-api-adc0d05f-a93e-4da9-8470-309a6e02af91]: BUSY {"metadata":{"emulator":{"name":"functions"},"function":{"name":"us-central1-api"},"extension":{},"message":"[worker-us-central1-api-adc0d05f-a93e-4da9-8470-309a6e02af91]: BUSY"}}
[info] >  TypeError: Cannot read properties of undefined (reading 'split') {"user":"TypeError: Cannot read properties of undefined (reading 'split')","metadata":{"emulator":{"name":"functions"},"function":{"name":"us-central1-api"},"extension":{},"message":"\u001b[90m> \u001b[39m TypeError: Cannot read properties of undefined (reading 'split')"}}
[info] >      at protectRoute (/home/churchill/code/ChatSpace-backend/functions/src/middleware/protectRoute.js:10:30) {"user":"    at protectRoute (/home/churchill/code/ChatSpace-backend/functions/src/middleware/protectRoute.js:10:30)","metadata":{"emulator":{"name":"functions"},"function":{"name":"us-central1-api"},"extension":{},"message":"\u001b[90m> \u001b[39m     at protectRoute (/home/churchill/code/ChatSpace-backend/functions/src/middleware/protectRoute.js:10:30)"}}
[info] >      at Layer.handle [as handle_request] (/home/churchill/code/ChatSpace-backend/functions/node_modules/express/lib/router/layer.js:95:5) {"user":"    at Layer.handle [as handle_request] (/home/churchill/code/ChatSpace-backend/functions/node_modules/express/lib/router/layer.js:95:5)","metadata":{"emulator":{"name":"functions"},"function":{"name":"us-central1-api"},"extension":{},"message":"\u001b[90m> \u001b[39m     at Layer.handle [as handle_request] (/home/churchill/code/ChatSpace-backend/functions/node_modules/express/lib/router/layer.js:95:5)"}}
[info] >      at next (/home/churchill/code/ChatSpace-backend/functions/node_modules/express/lib/router/route.js:149:13) {"user":"    at next (/home/churchill/code/ChatSpace-backend/functions/node_modules/express/lib/router/route.js:149:13)","metadata":{"emulator":{"name":"functions"},"function":{"name":"us-central1-api"},"extension":{},"message":"\u001b[90m> \u001b[39m     at next (/home/churchill/code/ChatSpace-backend/functions/node_modules/express/lib/router/route.js:149:13)"}}
[info] >      at Route.dispatch (/home/churchill/code/ChatSpace-backend/functions/node_modules/express/lib/router/route.js:119:3) {"user":"    at Route.dispatch (/home/churchill/code/ChatSpace-backend/functions/node_modules/express/lib/router/route.js:119:3)","metadata":{"emulator":{"name":"functions"},"function":{"name":"us-central1-api"},"extension":{},"message":"\u001b[90m> \u001b[39m     at Route.dispatch (/home/churchill/code/ChatSpace-backend/functions/node_modules/express/lib/router/route.js:119:3)"}}
[info] >      at Layer.handle [as handle_request] (/home/churchill/code/ChatSpace-backend/functions/node_modules/express/lib/router/layer.js:95:5) {"user":"    at Layer.handle [as handle_request] (/home/churchill/code/ChatSpace-backend/functions/node_modules/express/lib/router/layer.js:95:5)","metadata":{"emulator":{"name":"functions"},"function":{"name":"us-central1-api"},"extension":{},"message":"\u001b[90m> \u001b[39m     at Layer.handle [as handle_request] (/home/churchill/code/ChatSpace-backend/functions/node_modules/express/lib/router/layer.js:95:5)"}}
[info] >      at /home/churchill/code/ChatSpace-backend/functions/node_modules/express/lib/router/index.js:284:15 {"user":"    at /home/churchill/code/ChatSpace-backend/functions/node_modules/express/lib/router/index.js:284:15","metadata":{"emulator":{"name":"functions"},"function":{"name":"us-central1-api"},"extension":{},"message":"\u001b[90m> \u001b[39m     at /home/churchill/code/ChatSpace-backend/functions/node_modules/express/lib/router/index.js:284:15"}}
[info] >      at Function.process_params (/home/churchill/code/ChatSpace-backend/functions/node_modules/express/lib/router/index.js:346:12) {"user":"    at Function.process_params (/home/churchill/code/ChatSpace-backend/functions/node_modules/express/lib/router/index.js:346:12)","metadata":{"emulator":{"name":"functions"},"function":{"name":"us-central1-api"},"extension":{},"message":"\u001b[90m> \u001b[39m     at Function.process_params (/home/churchill/code/ChatSpace-backend/functions/node_modules/express/lib/router/index.js:346:12)"}}
[info] >      at next (/home/churchill/code/ChatSpace-backend/functions/node_modules/express/lib/router/index.js:280:10) {"user":"    at next (/home/churchill/code/ChatSpace-backend/functions/node_modules/express/lib/router/index.js:280:10)","metadata":{"emulator":{"name":"functions"},"function":{"name":"us-central1-api"},"extension":{},"message":"\u001b[90m> \u001b[39m     at next (/home/churchill/code/ChatSpace-backend/functions/node_modules/express/lib/router/index.js:280:10)"}}
[info] >      at Function.handle (/home/churchill/code/ChatSpace-backend/functions/node_modules/express/lib/router/index.js:175:3) {"user":"    at Function.handle (/home/churchill/code/ChatSpace-backend/functions/node_modules/express/lib/router/index.js:175:3)","metadata":{"emulator":{"name":"functions"},"function":{"name":"us-central1-api"},"extension":{},"message":"\u001b[90m> \u001b[39m     at Function.handle (/home/churchill/code/ChatSpace-backend/functions/node_modules/express/lib/router/index.js:175:3)"}}
[info] >      at router (/home/churchill/code/ChatSpace-backend/functions/node_modules/express/lib/router/index.js:47:12) {"user":"    at router (/home/churchill/code/ChatSpace-backend/functions/node_modules/express/lib/router/index.js:47:12)","metadata":{"emulator":{"name":"functions"},"function":{"name":"us-central1-api"},"extension":{},"message":"\u001b[90m> \u001b[39m     at router (/home/churchill/code/ChatSpace-backend/functions/node_modules/express/lib/router/index.js:47:12)"}}
[debug] [2024-08-07T11:13:16.812Z] Finishing up request with event=pause {"metadata":{"emulator":{"name":"functions"},"function":{"name":"us-central1-api"},"extension":{},"message":"Finishing up request with event=pause"}}
[info] i  functions: Finished "us-central1-api" in 29.14358ms {"metadata":{"emulator":{"name":"functions"},"function":{"name":"us-central1-api"},"extension":{},"message":"Finished \"us-central1-api\" in 29.14358ms"}}
[debug] [2024-08-07T11:13:16.812Z] [worker-us-central1-api-adc0d05f-a93e-4da9-8470-309a6e02af91]: IDLE {"metadata":{"emulator":{"name":"functions"},"function":{"name":"us-central1-api"},"extension":{},"message":"[worker-us-central1-api-adc0d05f-a93e-4da9-8470-309a6e02af91]: IDLE"}}
[debug] [2024-08-07T11:13:16.813Z] Finishing up request with event=finish {"metadata":{"emulator":{"name":"functions"},"function":{"name":"us-central1-api"},"extension":{},"message":"Finishing up request with event=finish"}}
[debug] [2024-08-07T11:13:16.813Z] Finishing up request with event=close {"metadata":{"emulator":{"name":"functions"},"function":{"name":"us-central1-api"},"extension":{},"message":"Finishing up request with event=close"}}
[debug] [2024-08-07T11:13:16.813Z] [work-queue] {"queuedWork":[],"queueLength":0,"runningWork":[],"workRunningCount":0}
[debug] [2024-08-07T11:13:22.290Z] [work-queue] {"queuedWork":["/chatspace-caee5/us-central1/api/api/auth/login-2024-08-07T11:13:22.290Z"],"queueLength":1,"runningWork":[],"workRunningCount":0}
[debug] [2024-08-07T11:13:22.290Z] [work-queue] {"queuedWork":[],"queueLength":0,"runningWork":["/chatspace-caee5/us-central1/api/api/auth/login-2024-08-07T11:13:22.290Z"],"workRunningCount":1}
[debug] [2024-08-07T11:13:22.291Z] Accepted request OPTIONS /chatspace-caee5/us-central1/api/api/auth/login --> us-central1-api
[debug] [2024-08-07T11:13:22.294Z] [functions] Runtime ready! Sending request! {"metadata":{"emulator":{"name":"functions"},"message":"[functions] Runtime ready! Sending request!"}}
[debug] [2024-08-07T11:13:22.294Z] [functions] Got req.url=/chatspace-caee5/us-central1/api/api/auth/login, mapping to path=/api/auth/login {"metadata":{"emulator":{"name":"functions"},"message":"[functions] Got req.url=/chatspace-caee5/us-central1/api/api/auth/login, mapping to path=/api/auth/login"}}
[debug] [2024-08-07T11:13:22.294Z] [worker-pool] submitRequest(triggerId=us-central1-api) {"metadata":{"emulator":{"name":"functions"},"message":"[worker-pool] submitRequest(triggerId=us-central1-api)"}}
[info] i  functions: Beginning execution of "us-central1-api" {"metadata":{"emulator":{"name":"functions"},"function":{"name":"us-central1-api"},"extension":{},"message":"Beginning execution of \"us-central1-api\""}}
[debug] [2024-08-07T11:13:22.295Z] [worker-us-central1-api-adc0d05f-a93e-4da9-8470-309a6e02af91]: BUSY {"metadata":{"emulator":{"name":"functions"},"function":{"name":"us-central1-api"},"extension":{},"message":"[worker-us-central1-api-adc0d05f-a93e-4da9-8470-309a6e02af91]: BUSY"}}
[debug] [2024-08-07T11:13:22.303Z] Finishing up request with event=pause {"metadata":{"emulator":{"name":"functions"},"function":{"name":"us-central1-api"},"extension":{},"message":"Finishing up request with event=pause"}}
[info] i  functions: Finished "us-central1-api" in 8.735253ms {"metadata":{"emulator":{"name":"functions"},"function":{"name":"us-central1-api"},"extension":{},"message":"Finished \"us-central1-api\" in 8.735253ms"}}
[debug] [2024-08-07T11:13:22.304Z] [worker-us-central1-api-adc0d05f-a93e-4da9-8470-309a6e02af91]: IDLE {"metadata":{"emulator":{"name":"functions"},"function":{"name":"us-central1-api"},"extension":{},"message":"[worker-us-central1-api-adc0d05f-a93e-4da9-8470-309a6e02af91]: IDLE"}}
[debug] [2024-08-07T11:13:22.305Z] Finishing up request with event=finish {"metadata":{"emulator":{"name":"functions"},"function":{"name":"us-central1-api"},"extension":{},"message":"Finishing up request with event=finish"}}
[debug] [2024-08-07T11:13:22.305Z] Finishing up request with event=close {"metadata":{"emulator":{"name":"functions"},"function":{"name":"us-central1-api"},"extension":{},"message":"Finishing up request with event=close"}}
[debug] [2024-08-07T11:13:22.305Z] [work-queue] {"queuedWork":[],"queueLength":0,"runningWork":[],"workRunningCount":0}
[debug] [2024-08-07T11:13:22.311Z] [work-queue] {"queuedWork":["/chatspace-caee5/us-central1/api/api/auth/login-2024-08-07T11:13:22.311Z"],"queueLength":1,"runningWork":[],"workRunningCount":0}
[debug] [2024-08-07T11:13:22.312Z] [work-queue] {"queuedWork":[],"queueLength":0,"runningWork":["/chatspace-caee5/us-central1/api/api/auth/login-2024-08-07T11:13:22.311Z"],"workRunningCount":1}
[debug] [2024-08-07T11:13:22.312Z] Accepted request POST /chatspace-caee5/us-central1/api/api/auth/login --> us-central1-api
[debug] [2024-08-07T11:13:22.313Z] [functions] Runtime ready! Sending request! {"metadata":{"emulator":{"name":"functions"},"message":"[functions] Runtime ready! Sending request!"}}
[debug] [2024-08-07T11:13:22.314Z] [functions] Got req.url=/chatspace-caee5/us-central1/api/api/auth/login, mapping to path=/api/auth/login {"metadata":{"emulator":{"name":"functions"},"message":"[functions] Got req.url=/chatspace-caee5/us-central1/api/api/auth/login, mapping to path=/api/auth/login"}}
[debug] [2024-08-07T11:13:22.314Z] [worker-pool] submitRequest(triggerId=us-central1-api) {"metadata":{"emulator":{"name":"functions"},"message":"[worker-pool] submitRequest(triggerId=us-central1-api)"}}
[info] i  functions: Beginning execution of "us-central1-api" {"metadata":{"emulator":{"name":"functions"},"function":{"name":"us-central1-api"},"extension":{},"message":"Beginning execution of \"us-central1-api\""}}
[debug] [2024-08-07T11:13:22.314Z] [worker-us-central1-api-adc0d05f-a93e-4da9-8470-309a6e02af91]: BUSY {"metadata":{"emulator":{"name":"functions"},"function":{"name":"us-central1-api"},"extension":{},"message":"[worker-us-central1-api-adc0d05f-a93e-4da9-8470-309a6e02af91]: BUSY"}}
[debug] [2024-08-07T11:13:32.429Z] Finishing up request with event=pause {"metadata":{"emulator":{"name":"functions"},"function":{"name":"us-central1-api"},"extension":{},"message":"Finishing up request with event=pause"}}
[info] i  functions: Finished "us-central1-api" in 10115.413265ms {"metadata":{"emulator":{"name":"functions"},"function":{"name":"us-central1-api"},"extension":{},"message":"Finished \"us-central1-api\" in 10115.413265ms"}}
[debug] [2024-08-07T11:13:32.431Z] [worker-us-central1-api-adc0d05f-a93e-4da9-8470-309a6e02af91]: IDLE {"metadata":{"emulator":{"name":"functions"},"function":{"name":"us-central1-api"},"extension":{},"message":"[worker-us-central1-api-adc0d05f-a93e-4da9-8470-309a6e02af91]: IDLE"}}
[debug] [2024-08-07T11:13:32.432Z] Finishing up request with event=finish {"metadata":{"emulator":{"name":"functions"},"function":{"name":"us-central1-api"},"extension":{},"message":"Finishing up request with event=finish"}}
[debug] [2024-08-07T11:13:32.433Z] Finishing up request with event=close {"metadata":{"emulator":{"name":"functions"},"function":{"name":"us-central1-api"},"extension":{},"message":"Finishing up request with event=close"}}
[debug] [2024-08-07T11:13:32.434Z] [work-queue] {"queuedWork":[],"queueLength":0,"runningWork":[],"workRunningCount":0}
[debug] [2024-08-07T11:16:17.281Z] File /home/churchill/code/ChatSpace-backend/functions/index.js changed, reloading triggers {"metadata":{"emulator":{"name":"functions"},"message":"File /home/churchill/code/ChatSpace-backend/functions/index.js changed, reloading triggers"}}
[debug] [2024-08-07T11:16:18.281Z] Validating nodejs source
[debug] [2024-08-07T11:16:28.299Z] checkFunctionsSDKVersion was unable to fetch information from NPM Error: spawnSync npm ETIMEDOUT
    at Object.spawnSync (node:internal/child_process:1124:20)
    at Object.spawnSync (node:child_process:876:24)
    at Function.spawnSync [as sync] (/usr/local/lib/node_modules/firebase-tools/node_modules/cross-spawn/index.js:26:23)
    at Object.getLatestSDKVersion (/usr/local/lib/node_modules/firebase-tools/lib/deploy/functions/runtimes/node/versioning.js:54:25)
    at Object.checkFunctionsSDKVersion (/usr/local/lib/node_modules/firebase-tools/lib/deploy/functions/runtimes/node/versioning.js:74:32)
    at Delegate.validate (/usr/local/lib/node_modules/firebase-tools/lib/deploy/functions/runtimes/node/index.js:85:20)
    at FunctionsEmulator.discoverTriggers (/usr/local/lib/node_modules/firebase-tools/lib/emulator/functionsEmulator.js:303:35)
    at async FunctionsEmulator.loadTriggers (/usr/local/lib/node_modules/firebase-tools/lib/emulator/functionsEmulator.js:332:34)
[debug] [2024-08-07T11:16:28.300Z] > [functions] package.json contents: {
  "name": "functions",
  "description": "Cloud Functions for Firebase",
  "scripts": {
    "serve": "firebase emulators:start --only functions",
    "shell": "firebase functions:shell",
    "start": "npm run shell",
    "dev": "nodemon index.js",
    "deploy": "firebase deploy --only functions",
    "logs": "firebase functions:log"
  },
  "engines": {
    "node": "20"
  },
  "main": "index.js",
  "dependencies": {
    "bcryptjs": "^2.4.3",
    "cookie-parser": "^1.4.6",
    "cors": "^2.8.5",
    "dotenv": "^16.4.5",
    "express": "^4.19.2",
    "firebase-admin": "^12.1.0",
    "firebase-functions": "^5.0.0",
    "jsonwebtoken": "^9.0.2",
    "mongoose": "^8.5.2",
    "nodemon": "^3.1.4",
    "socket.io": "^4.7.5"
  },
  "devDependencies": {
    "firebase-functions-test": "^3.1.0"
  },
  "private": true
}
[debug] [2024-08-07T11:16:28.300Z] Building nodejs source
[debug] [2024-08-07T11:16:28.300Z] Failed to find version of module node: reached end of search path /home/churchill/code/ChatSpace-backend/functions/node_modules
[info] ✔  functions: Using node@20 from host. 
[info] i  functions: Loaded environment variables from .env. 
[debug] [2024-08-07T11:16:28.302Z] Could not find functions.yaml. Must use http discovery
[debug] [2024-08-07T11:16:28.304Z] Found firebase-functions binary at '/home/churchill/code/ChatSpace-backend/functions/node_modules/.bin/firebase-functions'
[info] Serving at port 8750

[debug] [2024-08-07T11:16:29.501Z] Got response from /__/functions.yaml {"endpoints":{"api":{"platform":"gcfv1","availableMemoryMb":null,"timeoutSeconds":null,"minInstances":null,"maxInstances":null,"ingressSettings":null,"serviceAccountEmail":null,"vpc":null,"httpsTrigger":{},"entryPoint":"api"}},"specVersion":"v1alpha1","requiredAPIs":[]}
[info] ✔  functions: Loaded functions definitions from source: api. {"metadata":{"emulator":{"name":"functions"},"message":"Loaded functions definitions from source: api."}}
[debug] [2024-08-07T11:16:39.534Z] [worker-pool] Shutting down IDLE worker (us-central1-api) {"metadata":{"emulator":{"name":"functions"},"message":"[worker-pool] Shutting down IDLE worker (us-central1-api)"}}
[debug] [2024-08-07T11:16:39.534Z] [worker-us-central1-api-adc0d05f-a93e-4da9-8470-309a6e02af91]: FINISHING {"metadata":{"emulator":{"name":"functions"},"function":{"name":"us-central1-api"},"extension":{},"message":"[worker-us-central1-api-adc0d05f-a93e-4da9-8470-309a6e02af91]: FINISHING"}}
[debug] [2024-08-07T11:16:39.549Z] [worker-us-central1-api-adc0d05f-a93e-4da9-8470-309a6e02af91]: exited {"metadata":{"emulator":{"name":"functions"},"function":{"name":"us-central1-api"},"extension":{},"message":"[worker-us-central1-api-adc0d05f-a93e-4da9-8470-309a6e02af91]: exited"}}
[debug] [2024-08-07T11:16:39.550Z] [worker-us-central1-api-adc0d05f-a93e-4da9-8470-309a6e02af91]: FINISHED {"metadata":{"emulator":{"name":"functions"},"function":{"name":"us-central1-api"},"extension":{},"message":"[worker-us-central1-api-adc0d05f-a93e-4da9-8470-309a6e02af91]: FINISHED"}}
[debug] [2024-08-07T11:18:02.559Z] [work-queue] {"queuedWork":["/chatspace-caee5/us-central1/api/api/auth/login-2024-08-07T11:18:02.559Z"],"queueLength":1,"runningWork":[],"workRunningCount":0}
[debug] [2024-08-07T11:18:02.560Z] [work-queue] {"queuedWork":[],"queueLength":0,"runningWork":["/chatspace-caee5/us-central1/api/api/auth/login-2024-08-07T11:18:02.559Z"],"workRunningCount":1}
[debug] [2024-08-07T11:18:02.560Z] Accepted request OPTIONS /chatspace-caee5/us-central1/api/api/auth/login --> us-central1-api
[debug] [2024-08-07T11:18:02.563Z] [functions] Runtime ready! Sending request! {"metadata":{"emulator":{"name":"functions"},"message":"[functions] Runtime ready! Sending request!"}}
[debug] [2024-08-07T11:18:02.563Z] [functions] Got req.url=/chatspace-caee5/us-central1/api/api/auth/login, mapping to path=/api/auth/login {"metadata":{"emulator":{"name":"functions"},"message":"[functions] Got req.url=/chatspace-caee5/us-central1/api/api/auth/login, mapping to path=/api/auth/login"}}
[debug] [2024-08-07T11:18:02.564Z] [worker-pool] Cleaned up workers for us-central1-api: 1 --> 0 {"metadata":{"emulator":{"name":"functions"},"message":"[worker-pool] Cleaned up workers for us-central1-api: 1 --> 0"}}
[info] i  functions: Loaded environment variables from .env. 
[debug] [2024-08-07T11:18:02.583Z] [worker-pool] addWorker(us-central1-api) {"metadata":{"emulator":{"name":"functions"},"message":"[worker-pool] addWorker(us-central1-api)"}}
[debug] [2024-08-07T11:18:02.583Z] [worker-pool] Adding worker with key us-central1-api, total=1 {"metadata":{"emulator":{"name":"functions"},"message":"[worker-pool] Adding worker with key us-central1-api, total=1"}}
[debug] [2024-08-07T11:18:05.000Z] [runtime-status] [11693] Resolved module firebase-admin {"declared":true,"installed":true,"version":"12.3.0","resolution":"/home/churchill/code/ChatSpace-backend/functions/node_modules/firebase-admin/lib/index.js"} {"metadata":{"emulator":{"name":"functions"},"function":{"name":"us-central1-api"},"extension":{},"message":"[runtime-status] [11693] Resolved module firebase-admin {\"declared\":true,\"installed\":true,\"version\":\"12.3.0\",\"resolution\":\"/home/churchill/code/ChatSpace-backend/functions/node_modules/firebase-admin/lib/index.js\"}"}}
[debug] [2024-08-07T11:18:05.003Z] [runtime-status] [11693] Resolved module firebase-functions {"declared":true,"installed":true,"version":"5.0.1","resolution":"/home/churchill/code/ChatSpace-backend/functions/node_modules/firebase-functions/lib/v1/index.js"} {"metadata":{"emulator":{"name":"functions"},"function":{"name":"us-central1-api"},"extension":{},"message":"[runtime-status] [11693] Resolved module firebase-functions {\"declared\":true,\"installed\":true,\"version\":\"5.0.1\",\"resolution\":\"/home/churchill/code/ChatSpace-backend/functions/node_modules/firebase-functions/lib/v1/index.js\"}"}}
[debug] [2024-08-07T11:18:05.004Z] [runtime-status] [11693] Outgoing network have been stubbed. [{"name":"http","status":"mocked"},{"name":"http","status":"mocked"},{"name":"https","status":"mocked"},{"name":"https","status":"mocked"},{"name":"net","status":"mocked"}] {"metadata":{"emulator":{"name":"functions"},"function":{"name":"us-central1-api"},"extension":{},"message":"[runtime-status] [11693] Outgoing network have been stubbed. [{\"name\":\"http\",\"status\":\"mocked\"},{\"name\":\"http\",\"status\":\"mocked\"},{\"name\":\"https\",\"status\":\"mocked\"},{\"name\":\"https\",\"status\":\"mocked\"},{\"name\":\"net\",\"status\":\"mocked\"}]"}}
[debug] [2024-08-07T11:18:05.006Z] [runtime-status] [11693] Resolved module firebase-functions {"declared":true,"installed":true,"version":"5.0.1","resolution":"/home/churchill/code/ChatSpace-backend/functions/node_modules/firebase-functions/lib/v1/index.js"} {"metadata":{"emulator":{"name":"functions"},"function":{"name":"us-central1-api"},"extension":{},"message":"[runtime-status] [11693] Resolved module firebase-functions {\"declared\":true,\"installed\":true,\"version\":\"5.0.1\",\"resolution\":\"/home/churchill/code/ChatSpace-backend/functions/node_modules/firebase-functions/lib/v1/index.js\"}"}}
[debug] [2024-08-07T11:18:05.445Z] [runtime-status] [11693] Checked functions.config() {"config":{}} {"metadata":{"emulator":{"name":"functions"},"function":{"name":"us-central1-api"},"extension":{},"message":"[runtime-status] [11693] Checked functions.config() {\"config\":{}}"}}
[debug] [2024-08-07T11:18:05.448Z] [runtime-status] [11693] firebase-functions has been stubbed. {"functionsResolution":{"declared":true,"installed":true,"version":"5.0.1","resolution":"/home/churchill/code/ChatSpace-backend/functions/node_modules/firebase-functions/lib/v1/index.js"}} {"metadata":{"emulator":{"name":"functions"},"function":{"name":"us-central1-api"},"extension":{},"message":"[runtime-status] [11693] firebase-functions has been stubbed. {\"functionsResolution\":{\"declared\":true,\"installed\":true,\"version\":\"5.0.1\",\"resolution\":\"/home/churchill/code/ChatSpace-backend/functions/node_modules/firebase-functions/lib/v1/index.js\"}}"}}
[debug] [2024-08-07T11:18:05.452Z] [runtime-status] [11693] Resolved module firebase-functions {"declared":true,"installed":true,"version":"5.0.1","resolution":"/home/churchill/code/ChatSpace-backend/functions/node_modules/firebase-functions/lib/v1/index.js"} {"metadata":{"emulator":{"name":"functions"},"function":{"name":"us-central1-api"},"extension":{},"message":"[runtime-status] [11693] Resolved module firebase-functions {\"declared\":true,\"installed\":true,\"version\":\"5.0.1\",\"resolution\":\"/home/churchill/code/ChatSpace-backend/functions/node_modules/firebase-functions/lib/v1/index.js\"}"}}
[debug] [2024-08-07T11:18:05.456Z] [runtime-status] [11693] Resolved module firebase-admin {"declared":true,"installed":true,"version":"12.3.0","resolution":"/home/churchill/code/ChatSpace-backend/functions/node_modules/firebase-admin/lib/index.js"} {"metadata":{"emulator":{"name":"functions"},"function":{"name":"us-central1-api"},"extension":{},"message":"[runtime-status] [11693] Resolved module firebase-admin {\"declared\":true,\"installed\":true,\"version\":\"12.3.0\",\"resolution\":\"/home/churchill/code/ChatSpace-backend/functions/node_modules/firebase-admin/lib/index.js\"}"}}
[debug] [2024-08-07T11:18:05.462Z] [runtime-status] [11693] Resolved module firebase-functions {"declared":true,"installed":true,"version":"5.0.1","resolution":"/home/churchill/code/ChatSpace-backend/functions/node_modules/firebase-functions/lib/v1/index.js"} {"metadata":{"emulator":{"name":"functions"},"function":{"name":"us-central1-api"},"extension":{},"message":"[runtime-status] [11693] Resolved module firebase-functions {\"declared\":true,\"installed\":true,\"version\":\"5.0.1\",\"resolution\":\"/home/churchill/code/ChatSpace-backend/functions/node_modules/firebase-functions/lib/v1/index.js\"}"}}
[debug] [2024-08-07T11:18:05.465Z] [runtime-status] [11693] firebase-admin has been stubbed. {"adminResolution":{"declared":true,"installed":true,"version":"12.3.0","resolution":"/home/churchill/code/ChatSpace-backend/functions/node_modules/firebase-admin/lib/index.js"}} {"metadata":{"emulator":{"name":"functions"},"function":{"name":"us-central1-api"},"extension":{},"message":"[runtime-status] [11693] firebase-admin has been stubbed. {\"adminResolution\":{\"declared\":true,\"installed\":true,\"version\":\"12.3.0\",\"resolution\":\"/home/churchill/code/ChatSpace-backend/functions/node_modules/firebase-admin/lib/index.js\"}}"}}
[debug] [2024-08-07T11:18:06.506Z] [runtime-status] [11693] Functions runtime initialized. {"cwd":"/home/churchill/code/ChatSpace-backend/functions","node_version":"20.12.2"} {"metadata":{"emulator":{"name":"functions"},"function":{"name":"us-central1-api"},"extension":{},"message":"[runtime-status] [11693] Functions runtime initialized. {\"cwd\":\"/home/churchill/code/ChatSpace-backend/functions\",\"node_version\":\"20.12.2\"}"}}
[debug] [2024-08-07T11:18:06.507Z] [runtime-status] [11693] Listening to port: /tmp/fire_emu_a857345a8261cb21.sock {"metadata":{"emulator":{"name":"functions"},"function":{"name":"us-central1-api"},"extension":{},"message":"[runtime-status] [11693] Listening to port: /tmp/fire_emu_a857345a8261cb21.sock"}}
[debug] [2024-08-07T11:18:06.554Z] [worker-us-central1-api-e9c14ae3-f8e2-41e9-98c9-f4bd27d33b8f]: IDLE {"metadata":{"emulator":{"name":"functions"},"function":{"name":"us-central1-api"},"extension":{},"message":"[worker-us-central1-api-e9c14ae3-f8e2-41e9-98c9-f4bd27d33b8f]: IDLE"}}
[debug] [2024-08-07T11:18:06.555Z] [worker-pool] submitRequest(triggerId=us-central1-api) {"metadata":{"emulator":{"name":"functions"},"message":"[worker-pool] submitRequest(triggerId=us-central1-api)"}}
[info] i  functions: Beginning execution of "us-central1-api" {"metadata":{"emulator":{"name":"functions"},"function":{"name":"us-central1-api"},"extension":{},"message":"Beginning execution of \"us-central1-api\""}}
[debug] [2024-08-07T11:18:06.556Z] [worker-us-central1-api-e9c14ae3-f8e2-41e9-98c9-f4bd27d33b8f]: BUSY {"metadata":{"emulator":{"name":"functions"},"function":{"name":"us-central1-api"},"extension":{},"message":"[worker-us-central1-api-e9c14ae3-f8e2-41e9-98c9-f4bd27d33b8f]: BUSY"}}
[debug] [2024-08-07T11:18:06.571Z] Finishing up request with event=pause {"metadata":{"emulator":{"name":"functions"},"function":{"name":"us-central1-api"},"extension":{},"message":"Finishing up request with event=pause"}}
[info] i  functions: Finished "us-central1-api" in 15.743767ms {"metadata":{"emulator":{"name":"functions"},"function":{"name":"us-central1-api"},"extension":{},"message":"Finished \"us-central1-api\" in 15.743767ms"}}
[debug] [2024-08-07T11:18:06.572Z] [worker-us-central1-api-e9c14ae3-f8e2-41e9-98c9-f4bd27d33b8f]: IDLE {"metadata":{"emulator":{"name":"functions"},"function":{"name":"us-central1-api"},"extension":{},"message":"[worker-us-central1-api-e9c14ae3-f8e2-41e9-98c9-f4bd27d33b8f]: IDLE"}}
[debug] [2024-08-07T11:18:06.572Z] Finishing up request with event=finish {"metadata":{"emulator":{"name":"functions"},"function":{"name":"us-central1-api"},"extension":{},"message":"Finishing up request with event=finish"}}
[debug] [2024-08-07T11:18:06.572Z] Finishing up request with event=close {"metadata":{"emulator":{"name":"functions"},"function":{"name":"us-central1-api"},"extension":{},"message":"Finishing up request with event=close"}}
[debug] [2024-08-07T11:18:06.573Z] [work-queue] {"queuedWork":[],"queueLength":0,"runningWork":[],"workRunningCount":0}
[debug] [2024-08-07T11:18:06.585Z] [work-queue] {"queuedWork":["/chatspace-caee5/us-central1/api/api/auth/login-2024-08-07T11:18:06.585Z"],"queueLength":1,"runningWork":[],"workRunningCount":0}
[debug] [2024-08-07T11:18:06.586Z] [work-queue] {"queuedWork":[],"queueLength":0,"runningWork":["/chatspace-caee5/us-central1/api/api/auth/login-2024-08-07T11:18:06.585Z"],"workRunningCount":1}
[debug] [2024-08-07T11:18:06.586Z] Accepted request POST /chatspace-caee5/us-central1/api/api/auth/login --> us-central1-api
[debug] [2024-08-07T11:18:06.587Z] [functions] Runtime ready! Sending request! {"metadata":{"emulator":{"name":"functions"},"message":"[functions] Runtime ready! Sending request!"}}
[debug] [2024-08-07T11:18:06.587Z] [functions] Got req.url=/chatspace-caee5/us-central1/api/api/auth/login, mapping to path=/api/auth/login {"metadata":{"emulator":{"name":"functions"},"message":"[functions] Got req.url=/chatspace-caee5/us-central1/api/api/auth/login, mapping to path=/api/auth/login"}}
[debug] [2024-08-07T11:18:06.588Z] [worker-pool] submitRequest(triggerId=us-central1-api) {"metadata":{"emulator":{"name":"functions"},"message":"[worker-pool] submitRequest(triggerId=us-central1-api)"}}
[info] i  functions: Beginning execution of "us-central1-api" {"metadata":{"emulator":{"name":"functions"},"function":{"name":"us-central1-api"},"extension":{},"message":"Beginning execution of \"us-central1-api\""}}
[debug] [2024-08-07T11:18:06.588Z] [worker-us-central1-api-e9c14ae3-f8e2-41e9-98c9-f4bd27d33b8f]: BUSY {"metadata":{"emulator":{"name":"functions"},"function":{"name":"us-central1-api"},"extension":{},"message":"[worker-us-central1-api-e9c14ae3-f8e2-41e9-98c9-f4bd27d33b8f]: BUSY"}}
[info] >  Connected to the database {"user":"Connected to the database","metadata":{"emulator":{"name":"functions"},"function":{"name":"us-central1-api"},"extension":{},"message":"\u001b[90m> \u001b[39m Connected to the database"}}
[info] >  node:events:496 {"user":"node:events:496","metadata":{"emulator":{"name":"functions"},"function":{"name":"us-central1-api"},"extension":{},"message":"\u001b[90m> \u001b[39m node:events:496"}}
[info] >        throw er; // Unhandled 'error' event {"user":"      throw er; // Unhandled 'error' event","metadata":{"emulator":{"name":"functions"},"function":{"name":"us-central1-api"},"extension":{},"message":"\u001b[90m> \u001b[39m       throw er; // Unhandled 'error' event"}}
[info] >        ^ {"user":"      ^","metadata":{"emulator":{"name":"functions"},"function":{"name":"us-central1-api"},"extension":{},"message":"\u001b[90m> \u001b[39m       ^"}}
[info] >   {"user":"","metadata":{"emulator":{"name":"functions"},"function":{"name":"us-central1-api"},"extension":{},"message":"\u001b[90m> \u001b[39m "}}
[info] >  Error: listen EADDRINUSE: address already in use /tmp/fire_emu_a857345a8261cb21.sock {"user":"Error: listen EADDRINUSE: address already in use /tmp/fire_emu_a857345a8261cb21.sock","metadata":{"emulator":{"name":"functions"},"function":{"name":"us-central1-api"},"extension":{},"message":"\u001b[90m> \u001b[39m Error: listen EADDRINUSE: address already in use /tmp/fire_emu_a857345a8261cb21.sock"}}
[info] >      at Server.setupListenHandle [as _listen2] (node:net:1880:21) {"user":"    at Server.setupListenHandle [as _listen2] (node:net:1880:21)","metadata":{"emulator":{"name":"functions"},"function":{"name":"us-central1-api"},"extension":{},"message":"\u001b[90m> \u001b[39m     at Server.setupListenHandle [as _listen2] (node:net:1880:21)"}}
[info] >      at listenInCluster (node:net:1945:12) {"user":"    at listenInCluster (node:net:1945:12)","metadata":{"emulator":{"name":"functions"},"function":{"name":"us-central1-api"},"extension":{},"message":"\u001b[90m> \u001b[39m     at listenInCluster (node:net:1945:12)"}}
[info] >      at Server.listen (node:net:2054:5) {"user":"    at Server.listen (node:net:2054:5)","metadata":{"emulator":{"name":"functions"},"function":{"name":"us-central1-api"},"extension":{},"message":"\u001b[90m> \u001b[39m     at Server.listen (node:net:2054:5)"}}
[info] >      at /home/churchill/code/ChatSpace-backend/functions/index.js:40:12 {"user":"    at /home/churchill/code/ChatSpace-backend/functions/index.js:40:12","metadata":{"emulator":{"name":"functions"},"function":{"name":"us-central1-api"},"extension":{},"message":"\u001b[90m> \u001b[39m     at /home/churchill/code/ChatSpace-backend/functions/index.js:40:12"}}
[info] >      at process.processTicksAndRejections (node:internal/process/task_queues:95:5) {"user":"    at process.processTicksAndRejections (node:internal/process/task_queues:95:5)","metadata":{"emulator":{"name":"functions"},"function":{"name":"us-central1-api"},"extension":{},"message":"\u001b[90m> \u001b[39m     at process.processTicksAndRejections (node:internal/process/task_queues:95:5)"}}
[info] >  Emitted 'error' event on Server instance at: {"user":"Emitted 'error' event on Server instance at:","metadata":{"emulator":{"name":"functions"},"function":{"name":"us-central1-api"},"extension":{},"message":"\u001b[90m> \u001b[39m Emitted 'error' event on Server instance at:"}}
[info] >      at emitErrorNT (node:net:1924:8) {"user":"    at emitErrorNT (node:net:1924:8)","metadata":{"emulator":{"name":"functions"},"function":{"name":"us-central1-api"},"extension":{},"message":"\u001b[90m> \u001b[39m     at emitErrorNT (node:net:1924:8)"}}
[info] >      at process.processTicksAndRejections (node:internal/process/task_queues:82:21) { {"user":"    at process.processTicksAndRejections (node:internal/process/task_queues:82:21) {","metadata":{"emulator":{"name":"functions"},"function":{"name":"us-central1-api"},"extension":{},"message":"\u001b[90m> \u001b[39m     at process.processTicksAndRejections (node:internal/process/task_queues:82:21) {"}}
[info] >    code: 'EADDRINUSE', {"user":"  code: 'EADDRINUSE',","metadata":{"emulator":{"name":"functions"},"function":{"name":"us-central1-api"},"extension":{},"message":"\u001b[90m> \u001b[39m   code: 'EADDRINUSE',"}}
[info] >    errno: -98, {"user":"  errno: -98,","metadata":{"emulator":{"name":"functions"},"function":{"name":"us-central1-api"},"extension":{},"message":"\u001b[90m> \u001b[39m   errno: -98,"}}
[info] >    syscall: 'listen', {"user":"  syscall: 'listen',","metadata":{"emulator":{"name":"functions"},"function":{"name":"us-central1-api"},"extension":{},"message":"\u001b[90m> \u001b[39m   syscall: 'listen',"}}
[info] >    address: '/tmp/fire_emu_a857345a8261cb21.sock', {"user":"  address: '/tmp/fire_emu_a857345a8261cb21.sock',","metadata":{"emulator":{"name":"functions"},"function":{"name":"us-central1-api"},"extension":{},"message":"\u001b[90m> \u001b[39m   address: '/tmp/fire_emu_a857345a8261cb21.sock',"}}
[info] >    port: -1 {"user":"  port: -1","metadata":{"emulator":{"name":"functions"},"function":{"name":"us-central1-api"},"extension":{},"message":"\u001b[90m> \u001b[39m   port: -1"}}
[info] >  } {"user":"}","metadata":{"emulator":{"name":"functions"},"function":{"name":"us-central1-api"},"extension":{},"message":"\u001b[90m> \u001b[39m }"}}
[info] >   {"user":"","metadata":{"emulator":{"name":"functions"},"function":{"name":"us-central1-api"},"extension":{},"message":"\u001b[90m> \u001b[39m "}}
[info] >  Node.js v20.12.2 {"user":"Node.js v20.12.2","metadata":{"emulator":{"name":"functions"},"function":{"name":"us-central1-api"},"extension":{},"message":"\u001b[90m> \u001b[39m Node.js v20.12.2"}}
[error] i  Request to function failed: Error: socket hang up {"metadata":{"emulator":{"name":"functions"},"function":{"name":"us-central1-api"},"extension":{},"message":"Request to function failed: Error: socket hang up"}}
[debug] [2024-08-07T11:18:09.642Z] [work-queue] {"queuedWork":[],"queueLength":0,"runningWork":[],"workRunningCount":0}
[debug] [2024-08-07T11:18:09.645Z] [worker-us-central1-api-e9c14ae3-f8e2-41e9-98c9-f4bd27d33b8f]: exited {"metadata":{"emulator":{"name":"functions"},"function":{"name":"us-central1-api"},"extension":{},"message":"[worker-us-central1-api-e9c14ae3-f8e2-41e9-98c9-f4bd27d33b8f]: exited"}}
[debug] [2024-08-07T11:18:09.645Z] [worker-us-central1-api-e9c14ae3-f8e2-41e9-98c9-f4bd27d33b8f]: FINISHED {"metadata":{"emulator":{"name":"functions"},"function":{"name":"us-central1-api"},"extension":{},"message":"[worker-us-central1-api-e9c14ae3-f8e2-41e9-98c9-f4bd27d33b8f]: FINISHED"}}
